Fecha y hora	Nombre de archivo	Error	Mensaje
2016-04-25 22:56:38.827 -0500	Intelisis.fmp12	0	*** Iniciada la comprobación de consistencia del archivo cerrado incorrectamente, se van a comprobar un total de 1095 bloques
2016-04-25 22:56:39.139 -0500	Intelisis.fmp12	8432	Página 770 marcada como disponible; no aparece en la lista
2016-04-25 22:56:39.141 -0500	Intelisis.fmp12	8432	Página 771 marcada como disponible; no aparece en la lista
2016-04-25 22:56:39.142 -0500	Intelisis.fmp12	8432	Página 864 marcada como disponible; no aparece en la lista
2016-04-25 22:56:39.142 -0500	Intelisis.fmp12	8432	Página 916 marcada como disponible; no aparece en la lista
2016-04-25 22:56:39.142 -0500	Intelisis.fmp12	8432	Página 1030 marcada como disponible; no aparece en la lista
2016-04-25 22:56:39.142 -0500	Intelisis.fmp12	8432	Página 1031 marcada como disponible; no aparece en la lista
2016-04-25 22:56:39.142 -0500	Intelisis.fmp12	8432	Página 1032 marcada como disponible; no aparece en la lista
2016-04-25 22:56:39.142 -0500	Intelisis.fmp12	8432	Página 1033 marcada como disponible; no aparece en la lista
2016-04-25 22:56:39.142 -0500	Intelisis.fmp12	8432	Página 1034 marcada como disponible; no aparece en la lista
2016-04-25 22:56:39.142 -0500	Intelisis.fmp12	8432	Página 1035 marcada como disponible; no aparece en la lista
2016-04-25 22:56:39.142 -0500	Intelisis.fmp12	8432	Página 1036 marcada como disponible; no aparece en la lista
2016-04-25 22:56:39.142 -0500	Intelisis.fmp12	8432	Página 1037 marcada como disponible; no aparece en la lista
2016-04-25 22:56:39.142 -0500	Intelisis.fmp12	8432	Página 1038 marcada como disponible; no aparece en la lista
2016-04-25 22:56:39.142 -0500	Intelisis.fmp12	8432	Página 1039 marcada como disponible; no aparece en la lista
2016-04-25 22:56:39.142 -0500	Intelisis.fmp12	8432	Página 1040 marcada como disponible; no aparece en la lista
2016-04-25 22:56:39.142 -0500	Intelisis.fmp12	8432	Página 1041 marcada como disponible; no aparece en la lista
2016-04-25 22:56:39.142 -0500	Intelisis.fmp12	8432	Página 1042 marcada como disponible; no aparece en la lista
2016-04-25 22:56:39.142 -0500	Intelisis.fmp12	8432	Página 1043 marcada como disponible; no aparece en la lista
2016-04-25 22:56:39.142 -0500	Intelisis.fmp12	8432	Página 1044 marcada como disponible; no aparece en la lista
2016-04-25 22:56:39.142 -0500	Intelisis.fmp12	8432	Página 1045 marcada como disponible; no aparece en la lista
2016-04-25 22:56:39.142 -0500	Intelisis.fmp12	8432	Página 1046 marcada como disponible; no aparece en la lista
2016-04-25 22:56:39.142 -0500	Intelisis.fmp12	8432	Página 1047 marcada como disponible; no aparece en la lista
2016-04-25 22:56:39.142 -0500	Intelisis.fmp12	8432	Página 1048 marcada como disponible; no aparece en la lista
2016-04-25 22:56:39.142 -0500	Intelisis.fmp12	8432	Página 1049 marcada como disponible; no aparece en la lista
2016-04-25 22:56:39.142 -0500	Intelisis.fmp12	8432	Página 1050 marcada como disponible; no aparece en la lista
2016-04-25 22:56:39.142 -0500	Intelisis.fmp12	8432	Página 1051 marcada como disponible; no aparece en la lista
2016-04-25 22:56:39.142 -0500	Intelisis.fmp12	8432	Página 1052 marcada como disponible; no aparece en la lista
2016-04-25 22:56:39.142 -0500	Intelisis.fmp12	8432	Página 1053 marcada como disponible; no aparece en la lista
2016-04-25 22:56:39.142 -0500	Intelisis.fmp12	8432	Página 1054 marcada como disponible; no aparece en la lista
2016-04-25 22:56:39.142 -0500	Intelisis.fmp12	8432	Página 1055 marcada como disponible; no aparece en la lista
2016-04-25 22:56:39.142 -0500	Intelisis.fmp12	8432	Página 1056 marcada como disponible; no aparece en la lista
2016-04-25 22:56:39.142 -0500	Intelisis.fmp12	8432	Página 1057 marcada como disponible; no aparece en la lista
2016-04-25 22:56:39.142 -0500	Intelisis.fmp12	8432	Página 1058 marcada como disponible; no aparece en la lista
2016-04-25 22:56:39.142 -0500	Intelisis.fmp12	8432	Página 1059 marcada como disponible; no aparece en la lista
2016-04-25 22:56:39.142 -0500	Intelisis.fmp12	8432	Página 1060 marcada como disponible; no aparece en la lista
2016-04-25 22:56:39.142 -0500	Intelisis.fmp12	8432	Página 1061 marcada como disponible; no aparece en la lista
2016-04-25 22:56:39.142 -0500	Intelisis.fmp12	8432	Página 1062 marcada como disponible; no aparece en la lista
2016-04-25 22:56:39.142 -0500	Intelisis.fmp12	8432	Página 1063 marcada como disponible; no aparece en la lista
2016-04-25 22:56:39.142 -0500	Intelisis.fmp12	8432	Página 1064 marcada como disponible; no aparece en la lista
2016-04-25 22:56:39.143 -0500	Intelisis.fmp12	8432	Página 1065 marcada como disponible; no aparece en la lista
2016-04-25 22:56:39.143 -0500	Intelisis.fmp12	8432	Página 1066 marcada como disponible; no aparece en la lista
2016-04-25 22:56:39.143 -0500	Intelisis.fmp12	8432	Página 1067 marcada como disponible; no aparece en la lista
2016-04-25 22:56:39.143 -0500	Intelisis.fmp12	8432	Página 1068 marcada como disponible; no aparece en la lista
2016-04-25 22:56:39.143 -0500	Intelisis.fmp12	8432	Página 1069 marcada como disponible; no aparece en la lista
2016-04-25 22:56:39.143 -0500	Intelisis.fmp12	8432	Página 1070 marcada como disponible; no aparece en la lista
2016-04-25 22:56:39.143 -0500	Intelisis.fmp12	8432	Página 1071 marcada como disponible; no aparece en la lista
2016-04-25 22:56:39.143 -0500	Intelisis.fmp12	8432	Página 1072 marcada como disponible; no aparece en la lista
2016-04-25 22:56:39.143 -0500	Intelisis.fmp12	8432	Página 1073 marcada como disponible; no aparece en la lista
2016-04-25 22:56:39.143 -0500	Intelisis.fmp12	8432	Página 1074 marcada como disponible; no aparece en la lista
2016-04-25 22:56:39.144 -0500	Intelisis.fmp12	8432	Página 1075 marcada como disponible; no aparece en la lista
2016-04-25 22:56:39.144 -0500	Intelisis.fmp12	8432	Página 1077 marcada como disponible; no aparece en la lista
2016-04-25 22:56:39.144 -0500	Intelisis.fmp12	8432	Página 1078 marcada como disponible; no aparece en la lista
2016-04-25 22:56:39.144 -0500	Intelisis.fmp12	8432	Página 1079 marcada como disponible; no aparece en la lista
2016-04-25 22:56:39.144 -0500	Intelisis.fmp12	8432	Página 1080 marcada como disponible; no aparece en la lista
2016-04-25 22:56:39.144 -0500	Intelisis.fmp12	8432	Página 1081 marcada como disponible; no aparece en la lista
2016-04-25 22:56:39.144 -0500	Intelisis.fmp12	8432	Página 1082 marcada como disponible; no aparece en la lista
2016-04-25 22:56:39.144 -0500	Intelisis.fmp12	8432	Página 1083 marcada como disponible; no aparece en la lista
2016-04-25 22:56:39.144 -0500	Intelisis.fmp12	8432	Página 1084 marcada como disponible; no aparece en la lista
2016-04-25 22:56:39.144 -0500	Intelisis.fmp12	8432	Página 1085 marcada como disponible; no aparece en la lista
2016-04-25 22:56:39.144 -0500	Intelisis.fmp12	8432	Página 1086 marcada como disponible; no aparece en la lista
2016-04-25 22:56:39.144 -0500	Intelisis.fmp12	8432	Página 1087 marcada como disponible; no aparece en la lista
2016-04-25 22:56:39.145 -0500	Intelisis.fmp12	8432	Página 1088 marcada como disponible; no aparece en la lista
2016-04-25 22:56:39.145 -0500	Intelisis.fmp12	8432	Página 1089 marcada como disponible; no aparece en la lista
2016-04-25 22:56:39.146 -0500	Intelisis.fmp12	8432	Página 1090 marcada como disponible; no aparece en la lista
2016-04-25 22:56:39.147 -0500	Intelisis.fmp12	8432	Página 1091 marcada como disponible; no aparece en la lista
2016-04-25 22:56:39.147 -0500	Intelisis.fmp12	8432	Página 1092 marcada como disponible; no aparece en la lista
2016-04-25 22:56:39.148 -0500	Intelisis.fmp12	8432	Página 1093 marcada como disponible; no aparece en la lista
2016-04-25 22:56:39.149 -0500	Intelisis.fmp12	8432	Página 1094 marcada como disponible; no aparece en la lista
2016-04-25 22:56:39.149 -0500	Intelisis.fmp12	8432	Página 1095 marcada como disponible; no aparece en la lista
2016-04-25 22:56:39.150 -0500	Intelisis.fmp12	0	Restablecer número máximo de secuencia de bloques a 404958
2016-04-25 22:56:39.192 -0500	Intelisis.fmp12	0	*** Comprobación de consistencia completada, 1095 bloque(s) comprobado(s)
2016-05-02 13:10:52.638 -0500	Intelisis.fmp12	0	*** Iniciada la comprobación de consistencia del archivo cerrado incorrectamente, se van a comprobar un total de 1026 bloques
2016-05-02 13:10:54.031 -0500	Intelisis.fmp12	0	Restablecer número máximo de secuencia de bloques a 407390
2016-05-02 13:10:54.070 -0500	Intelisis.fmp12	0	*** Comprobación de consistencia completada, 1026 bloque(s) comprobado(s)
